<?xml version="1.0" encoding="UTF-8"?>
<testsuite xmlns:xsi="http://www.w3.org/2001/XMLSchema-instance" xsi:noNamespaceSchemaLocation="https://maven.apache.org/surefire/maven-surefire-plugin/xsd/surefire-test-report-3.0.xsd" version="3.0" name="TestSuite" time="8.99" tests="4" errors="0" skipped="0" failures="0">
  <properties>
    <property name="java.specification.version" value="17"/>
    <property name="sun.jnu.encoding" value="UTF-8"/>
    <property name="java.class.path" value="/Users/jiwoochoi/.m2/repository/org/apache/maven/surefire/surefire-shared-utils/3.1.0/surefire-shared-utils-3.1.0.jar:/Users/jiwoochoi/.m2/repository/org/apache/maven/surefire/surefire-extensions-spi/3.1.0/surefire-extensions-spi-3.1.0.jar:/Users/jiwoochoi/.m2/repository/org/apache/maven/surefire/surefire-api/3.1.0/surefire-api-3.1.0.jar:/Users/jiwoochoi/.m2/repository/org/apache/maven/surefire/surefire-logger-api/3.1.0/surefire-logger-api-3.1.0.jar:/Users/jiwoochoi/.m2/repository/org/apache/maven/surefire/surefire-booter/3.1.0/surefire-booter-3.1.0.jar:/Users/jiwoochoi/Desktop/projects/Solvd_practice/carina/carina-demo/target/test-classes:/Users/jiwoochoi/Desktop/projects/Solvd_practice/carina/carina-demo/target/classes:/Users/jiwoochoi/.m2/repository/com/zebrunner/carina-core/1.1.3/carina-core-1.1.3.jar:/Users/jiwoochoi/.m2/repository/com/zebrunner/carina-webdriver/1.1.5/carina-webdriver-1.1.5.jar:/Users/jiwoochoi/.m2/repository/com/zebrunner/agent-testng-pluggable/1.9.6/agent-testng-pluggable-1.9.6.jar:/Users/jiwoochoi/.m2/repository/com/zebrunner/agent-core/1.9.6/agent-core-1.9.6.jar:/Users/jiwoochoi/.m2/repository/org/yaml/snakeyaml/1.30/snakeyaml-1.30.jar:/Users/jiwoochoi/.m2/repository/com/konghq/unirest-java/3.13.10/unirest-java-3.13.10.jar:/Users/jiwoochoi/.m2/repository/org/apache/httpcomponents/httpcore-nio/4.4.13/httpcore-nio-4.4.13.jar:/Users/jiwoochoi/.m2/repository/org/apache/httpcomponents/httpasyncclient/4.1.5/httpasyncclient-4.1.5.jar:/Users/jiwoochoi/.m2/repository/org/seleniumhq/selenium/selenium-support/4.7.0/selenium-support-4.7.0.jar:/Users/jiwoochoi/.m2/repository/com/google/auto/service/auto-service-annotations/1.0.1/auto-service-annotations-1.0.1.jar:/Users/jiwoochoi/.m2/repository/com/google/auto/service/auto-service/1.0.1/auto-service-1.0.1.jar:/Users/jiwoochoi/.m2/repository/com/google/auto/auto-common/1.2/auto-common-1.2.jar:/Users/jiwoochoi/.m2/repository/org/seleniumhq/selenium/selenium-json/4.7.0/selenium-json-4.7.0.jar:/Users/jiwoochoi/.m2/repository/org/seleniumhq/selenium/selenium-api/4.7.0/selenium-api-4.7.0.jar:/Users/jiwoochoi/.m2/repository/org/seleniumhq/selenium/selenium-remote-driver/4.7.0/selenium-remote-driver-4.7.0.jar:/Users/jiwoochoi/.m2/repository/io/netty/netty-buffer/4.1.84.Final/netty-buffer-4.1.84.Final.jar:/Users/jiwoochoi/.m2/repository/io/netty/netty-codec-http/4.1.84.Final/netty-codec-http-4.1.84.Final.jar:/Users/jiwoochoi/.m2/repository/io/netty/netty-common/4.1.84.Final/netty-common-4.1.84.Final.jar:/Users/jiwoochoi/.m2/repository/io/netty/netty-transport-classes-epoll/4.1.84.Final/netty-transport-classes-epoll-4.1.84.Final.jar:/Users/jiwoochoi/.m2/repository/io/netty/netty-transport-classes-kqueue/4.1.84.Final/netty-transport-classes-kqueue-4.1.84.Final.jar:/Users/jiwoochoi/.m2/repository/io/netty/netty-transport-native-epoll/4.1.84.Final/netty-transport-native-epoll-4.1.84.Final.jar:/Users/jiwoochoi/.m2/repository/io/netty/netty-transport-native-kqueue/4.1.84.Final/netty-transport-native-kqueue-4.1.84.Final.jar:/Users/jiwoochoi/.m2/repository/io/netty/netty-transport-native-unix-common/4.1.84.Final/netty-transport-native-unix-common-4.1.84.Final.jar:/Users/jiwoochoi/.m2/repository/io/netty/netty-transport/4.1.84.Final/netty-transport-4.1.84.Final.jar:/Users/jiwoochoi/.m2/repository/io/netty/netty-resolver/4.1.84.Final/netty-resolver-4.1.84.Final.jar:/Users/jiwoochoi/.m2/repository/io/opentelemetry/opentelemetry-api/1.19.0/opentelemetry-api-1.19.0.jar:/Users/jiwoochoi/.m2/repository/io/opentelemetry/opentelemetry-context/1.19.0/opentelemetry-context-1.19.0.jar:/Users/jiwoochoi/.m2/repository/io/opentelemetry/opentelemetry-exporter-logging/1.19.0/opentelemetry-exporter-logging-1.19.0.jar:/Users/jiwoochoi/.m2/repository/io/opentelemetry/opentelemetry-sdk-metrics/1.19.0/opentelemetry-sdk-metrics-1.19.0.jar:/Users/jiwoochoi/.m2/repository/io/opentelemetry/opentelemetry-sdk-logs/1.19.0-alpha/opentelemetry-sdk-logs-1.19.0-alpha.jar:/Users/jiwoochoi/.m2/repository/io/opentelemetry/opentelemetry-api-logs/1.19.0-alpha/opentelemetry-api-logs-1.19.0-alpha.jar:/Users/jiwoochoi/.m2/repository/io/opentelemetry/opentelemetry-sdk-common/1.19.0/opentelemetry-sdk-common-1.19.0.jar:/Users/jiwoochoi/.m2/repository/io/opentelemetry/opentelemetry-sdk-extension-autoconfigure-spi/1.19.0/opentelemetry-sdk-extension-autoconfigure-spi-1.19.0.jar:/Users/jiwoochoi/.m2/repository/io/opentelemetry/opentelemetry-sdk-extension-autoconfigure/1.19.0-alpha/opentelemetry-sdk-extension-autoconfigure-1.19.0-alpha.jar:/Users/jiwoochoi/.m2/repository/io/opentelemetry/opentelemetry-exporter-common/1.19.0/opentelemetry-exporter-common-1.19.0.jar:/Users/jiwoochoi/.m2/repository/io/opentelemetry/opentelemetry-sdk-trace/1.19.0/opentelemetry-sdk-trace-1.19.0.jar:/Users/jiwoochoi/.m2/repository/io/opentelemetry/opentelemetry-sdk/1.19.0/opentelemetry-sdk-1.19.0.jar:/Users/jiwoochoi/.m2/repository/io/opentelemetry/opentelemetry-semconv/1.19.0-alpha/opentelemetry-semconv-1.19.0-alpha.jar:/Users/jiwoochoi/.m2/repository/io/ous/jtoml/2.0.0/jtoml-2.0.0.jar:/Users/jiwoochoi/.m2/repository/org/apache/commons/commons-exec/1.3/commons-exec-1.3.jar:/Users/jiwoochoi/.m2/repository/org/asynchttpclient/async-http-client/2.12.3/async-http-client-2.12.3.jar:/Users/jiwoochoi/.m2/repository/org/asynchttpclient/async-http-client-netty-utils/2.12.3/async-http-client-netty-utils-2.12.3.jar:/Users/jiwoochoi/.m2/repository/io/netty/netty-codec-socks/4.1.60.Final/netty-codec-socks-4.1.60.Final.jar:/Users/jiwoochoi/.m2/repository/org/reactivestreams/reactive-streams/1.0.3/reactive-streams-1.0.3.jar:/Users/jiwoochoi/.m2/repository/com/typesafe/netty/netty-reactive-streams/2.0.4/netty-reactive-streams-2.0.4.jar:/Users/jiwoochoi/.m2/repository/com/sun/activation/jakarta.activation/1.2.2/jakarta.activation-1.2.2.jar:/Users/jiwoochoi/.m2/repository/org/seleniumhq/selenium/selenium-http/4.7.0/selenium-http-4.7.0.jar:/Users/jiwoochoi/.m2/repository/dev/failsafe/failsafe/3.3.0/failsafe-3.3.0.jar:/Users/jiwoochoi/.m2/repository/org/seleniumhq/selenium/selenium-manager/4.7.0/selenium-manager-4.7.0.jar:/Users/jiwoochoi/.m2/repository/org/seleniumhq/selenium/selenium-firefox-driver/4.7.0/selenium-firefox-driver-4.7.0.jar:/Users/jiwoochoi/.m2/repository/org/seleniumhq/selenium/selenium-devtools-v85/4.7.0/selenium-devtools-v85-4.7.0.jar:/Users/jiwoochoi/.m2/repository/org/seleniumhq/selenium/selenium-chrome-driver/4.7.0/selenium-chrome-driver-4.7.0.jar:/Users/jiwoochoi/.m2/repository/org/seleniumhq/selenium/selenium-chromium-driver/4.7.0/selenium-chromium-driver-4.7.0.jar:/Users/jiwoochoi/.m2/repository/org/seleniumhq/selenium/selenium-edge-driver/4.7.0/selenium-edge-driver-4.7.0.jar:/Users/jiwoochoi/.m2/repository/io/appium/java-client/8.3.0/java-client-8.3.0.jar:/Users/jiwoochoi/.m2/repository/cglib/cglib/3.3.0/cglib-3.3.0.jar:/Users/jiwoochoi/.m2/repository/org/ow2/asm/asm/7.1/asm-7.1.jar:/Users/jiwoochoi/.m2/repository/com/github/kklisura/cdt/cdt-java-client/4.0.0/cdt-java-client-4.0.0.jar:/Users/jiwoochoi/.m2/repository/javax/websocket/javax.websocket-api/1.1/javax.websocket-api-1.1.jar:/Users/jiwoochoi/.m2/repository/org/glassfish/tyrus/tyrus-container-grizzly-client/1.13.1/tyrus-container-grizzly-client-1.13.1.jar:/Users/jiwoochoi/.m2/repository/org/glassfish/grizzly/grizzly-framework/2.3.25/grizzly-framework-2.3.25.jar:/Users/jiwoochoi/.m2/repository/org/glassfish/grizzly/grizzly-http-server/2.3.25/grizzly-http-server-2.3.25.jar:/Users/jiwoochoi/.m2/repository/org/glassfish/grizzly/grizzly-http/2.3.25/grizzly-http-2.3.25.jar:/Users/jiwoochoi/.m2/repository/org/glassfish/tyrus/tyrus-client/1.13.1/tyrus-client-1.13.1.jar:/Users/jiwoochoi/.m2/repository/org/glassfish/tyrus/tyrus-core/1.13.1/tyrus-core-1.13.1.jar:/Users/jiwoochoi/.m2/repository/org/glassfish/tyrus/tyrus-spi/1.13.1/tyrus-spi-1.13.1.jar:/Users/jiwoochoi/.m2/repository/org/apache/pdfbox/pdfbox/2.0.28/pdfbox-2.0.28.jar:/Users/jiwoochoi/.m2/repository/org/apache/pdfbox/fontbox/2.0.28/fontbox-2.0.28.jar:/Users/jiwoochoi/.m2/repository/ru/yandex/qatools/ashot/ashot/1.5.4/ashot-1.5.4.jar:/Users/jiwoochoi/.m2/repository/joda-time/joda-time/2.9.9/joda-time-2.9.9.jar:/Users/jiwoochoi/.m2/repository/com/itextpdf/itextpdf/5.5.13.3/itextpdf-5.5.13.3.jar:/Users/jiwoochoi/.m2/repository/org/reflections/reflections/0.10.2/reflections-0.10.2.jar:/Users/jiwoochoi/.m2/repository/com/sun/jersey/jersey-core/1.19.4/jersey-core-1.19.4.jar:/Users/jiwoochoi/.m2/repository/javax/ws/rs/jsr311-api/1.1.1/jsr311-api-1.1.1.jar:/Users/jiwoochoi/.m2/repository/commons-collections/commons-collections/3.2.2/commons-collections-3.2.2.jar:/Users/jiwoochoi/.m2/repository/org/hamcrest/hamcrest-core/1.3/hamcrest-core-1.3.jar:/Users/jiwoochoi/.m2/repository/org/hamcrest/hamcrest-all/1.3/hamcrest-all-1.3.jar:/Users/jiwoochoi/.m2/repository/org/apache/logging/log4j/log4j-slf4j-impl/2.17.1/log4j-slf4j-impl-2.17.1.jar:/Users/jiwoochoi/.m2/repository/com/nordstrom/tools/testng-foundation/2.0.1/testng-foundation-2.0.1.jar:/Users/jiwoochoi/.m2/repository/com/nordstrom/tools/java-utils/1.9.3/java-utils-1.9.3.jar:/Users/jiwoochoi/.m2/repository/com/nordstrom/tools/settings/2.3.3/settings-2.3.3.jar:/Users/jiwoochoi/.m2/repository/commons-beanutils/commons-beanutils/1.9.4/commons-beanutils-1.9.4.jar:/Users/jiwoochoi/.m2/repository/com/zebrunner/carina-dataprovider/1.1.3/carina-dataprovider-1.1.3.jar:/Users/jiwoochoi/.m2/repository/com/zebrunner/carina-utils/1.1.5/carina-utils-1.1.5.jar:/Users/jiwoochoi/.m2/repository/com/zebrunner/carina-crypto/1.0.1/carina-crypto-1.0.1.jar:/Users/jiwoochoi/.m2/repository/commons-cli/commons-cli/1.5.0/commons-cli-1.5.0.jar:/Users/jiwoochoi/.m2/repository/org/apache/commons/commons-lang3/3.12.0/commons-lang3-3.12.0.jar:/Users/jiwoochoi/.m2/repository/com/sun/jna/jna/3.0.9/jna-3.0.9.jar:/Users/jiwoochoi/.m2/repository/org/mongodb/mongo-java-driver/2.11.3/mongo-java-driver-2.11.3.jar:/Users/jiwoochoi/.m2/repository/commons-net/commons-net/3.9.0/commons-net-3.9.0.jar:/Users/jiwoochoi/.m2/repository/org/imgscalr/imgscalr-lib/4.2/imgscalr-lib-4.2.jar:/Users/jiwoochoi/.m2/repository/net/sf/opencsv/opencsv/1.7/opencsv-1.7.jar:/Users/jiwoochoi/.m2/repository/org/apache/poi/poi-ooxml/4.1.2/poi-ooxml-4.1.2.jar:/Users/jiwoochoi/.m2/repository/org/apache/poi/poi/4.1.2/poi-4.1.2.jar:/Users/jiwoochoi/.m2/repository/org/apache/commons/commons-collections4/4.4/commons-collections4-4.4.jar:/Users/jiwoochoi/.m2/repository/org/apache/commons/commons-math3/3.6.1/commons-math3-3.6.1.jar:/Users/jiwoochoi/.m2/repository/com/zaxxer/SparseBitSet/1.2/SparseBitSet-1.2.jar:/Users/jiwoochoi/.m2/repository/org/apache/poi/poi-ooxml-schemas/4.1.2/poi-ooxml-schemas-4.1.2.jar:/Users/jiwoochoi/.m2/repository/org/apache/xmlbeans/xmlbeans/3.1.0/xmlbeans-3.1.0.jar:/Users/jiwoochoi/.m2/repository/org/apache/commons/commons-compress/1.19/commons-compress-1.19.jar:/Users/jiwoochoi/.m2/repository/com/github/virtuald/curvesapi/1.06/curvesapi-1.06.jar:/Users/jiwoochoi/.m2/repository/org/testng/testng/7.7.1/testng-7.7.1.jar:/Users/jiwoochoi/.m2/repository/com/beust/jcommander/1.82/jcommander-1.82.jar:/Users/jiwoochoi/.m2/repository/org/webjars/jquery/3.6.1/jquery-3.6.1.jar:/Users/jiwoochoi/.m2/repository/com/zebrunner/carina-api/1.1.3/carina-api-1.1.3.jar:/Users/jiwoochoi/.m2/repository/org/apache/httpcomponents/httpclient/4.5.13/httpclient-4.5.13.jar:/Users/jiwoochoi/.m2/repository/org/apache/httpcomponents/httpcore/4.4.13/httpcore-4.4.13.jar:/Users/jiwoochoi/.m2/repository/commons-logging/commons-logging/1.2/commons-logging-1.2.jar:/Users/jiwoochoi/.m2/repository/commons-codec/commons-codec/1.11/commons-codec-1.11.jar:/Users/jiwoochoi/.m2/repository/commons-io/commons-io/2.7/commons-io-2.7.jar:/Users/jiwoochoi/.m2/repository/io/rest-assured/rest-assured/4.3.0/rest-assured-4.3.0.jar:/Users/jiwoochoi/.m2/repository/org/codehaus/groovy/groovy/3.0.2/groovy-3.0.2.jar:/Users/jiwoochoi/.m2/repository/org/codehaus/groovy/groovy-xml/3.0.2/groovy-xml-3.0.2.jar:/Users/jiwoochoi/.m2/repository/org/apache/httpcomponents/httpmime/4.5.3/httpmime-4.5.3.jar:/Users/jiwoochoi/.m2/repository/org/hamcrest/hamcrest/2.1/hamcrest-2.1.jar:/Users/jiwoochoi/.m2/repository/org/ccil/cowan/tagsoup/tagsoup/1.2.1/tagsoup-1.2.1.jar:/Users/jiwoochoi/.m2/repository/io/rest-assured/xml-path/4.3.0/xml-path-4.3.0.jar:/Users/jiwoochoi/.m2/repository/jakarta/xml/bind/jakarta.xml.bind-api/2.3.2/jakarta.xml.bind-api-2.3.2.jar:/Users/jiwoochoi/.m2/repository/jakarta/activation/jakarta.activation-api/1.2.1/jakarta.activation-api-1.2.1.jar:/Users/jiwoochoi/.m2/repository/com/sun/xml/bind/jaxb-osgi/2.3.0.1/jaxb-osgi-2.3.0.1.jar:/Users/jiwoochoi/.m2/repository/org/apache/sling/org.apache.sling.javax.activation/0.1.0/org.apache.sling.javax.activation-0.1.0.jar:/Users/jiwoochoi/.m2/repository/io/rest-assured/json-path/4.3.0/json-path-4.3.0.jar:/Users/jiwoochoi/.m2/repository/org/codehaus/groovy/groovy-json/3.0.2/groovy-json-3.0.2.jar:/Users/jiwoochoi/.m2/repository/io/rest-assured/rest-assured-common/4.3.0/rest-assured-common-4.3.0.jar:/Users/jiwoochoi/.m2/repository/com/google/code/gson/gson/2.9.0/gson-2.9.0.jar:/Users/jiwoochoi/.m2/repository/javax/xml/bind/jaxb-api/2.2.2/jaxb-api-2.2.2.jar:/Users/jiwoochoi/.m2/repository/javax/xml/stream/stax-api/1.0-2/stax-api-1.0-2.jar:/Users/jiwoochoi/.m2/repository/javax/activation/activation/1.1/activation-1.1.jar:/Users/jiwoochoi/.m2/repository/com/fasterxml/jackson/core/jackson-core/2.14.1/jackson-core-2.14.1.jar:/Users/jiwoochoi/.m2/repository/com/fasterxml/jackson/core/jackson-databind/2.14.1/jackson-databind-2.14.1.jar:/Users/jiwoochoi/.m2/repository/com/fasterxml/jackson/core/jackson-annotations/2.14.1/jackson-annotations-2.14.1.jar:/Users/jiwoochoi/.m2/repository/org/apache/commons/commons-configuration2/2.8.0/commons-configuration2-2.8.0.jar:/Users/jiwoochoi/.m2/repository/org/apache/commons/commons-text/1.10.0/commons-text-1.10.0.jar:/Users/jiwoochoi/.m2/repository/org/freemarker/freemarker/2.3.31/freemarker-2.3.31.jar:/Users/jiwoochoi/.m2/repository/org/skyscreamer/jsonassert/1.5.0/jsonassert-1.5.0.jar:/Users/jiwoochoi/.m2/repository/ognl/ognl/3.3.2/ognl-3.3.2.jar:/Users/jiwoochoi/.m2/repository/org/javassist/javassist/3.28.0-GA/javassist-3.28.0-GA.jar:/Users/jiwoochoi/.m2/repository/org/xmlunit/xmlunit-assertj3/2.8.2/xmlunit-assertj3-2.8.2.jar:/Users/jiwoochoi/.m2/repository/org/xmlunit/xmlunit-core/2.8.2/xmlunit-core-2.8.2.jar:/Users/jiwoochoi/.m2/repository/org/assertj/assertj-core/3.18.1/assertj-core-3.18.1.jar:/Users/jiwoochoi/.m2/repository/io/rest-assured/json-schema-validator/4.3.0/json-schema-validator-4.3.0.jar:/Users/jiwoochoi/.m2/repository/com/github/java-json-tools/json-schema-validator/2.2.10/json-schema-validator-2.2.10.jar:/Users/jiwoochoi/.m2/repository/com/github/java-json-tools/json-schema-core/1.2.10/json-schema-core-1.2.10.jar:/Users/jiwoochoi/.m2/repository/com/github/java-json-tools/jackson-coreutils/1.9/jackson-coreutils-1.9.jar:/Users/jiwoochoi/.m2/repository/com/github/fge/msg-simple/1.1/msg-simple-1.1.jar:/Users/jiwoochoi/.m2/repository/com/github/fge/btf/1.2/btf-1.2.jar:/Users/jiwoochoi/.m2/repository/com/github/fge/uri-template/0.9/uri-template-0.9.jar:/Users/jiwoochoi/.m2/repository/org/mozilla/rhino/1.7.7.1/rhino-1.7.7.1.jar:/Users/jiwoochoi/.m2/repository/javax/mail/mailapi/1.4.3/mailapi-1.4.3.jar:/Users/jiwoochoi/.m2/repository/com/googlecode/libphonenumber/libphonenumber/8.0.0/libphonenumber-8.0.0.jar:/Users/jiwoochoi/.m2/repository/net/sf/jopt-simple/jopt-simple/5.0.3/jopt-simple-5.0.3.jar:/Users/jiwoochoi/.m2/repository/org/everit/json/org.everit.json.schema/1.5.1/org.everit.json.schema-1.5.1.jar:/Users/jiwoochoi/.m2/repository/commons-validator/commons-validator/1.5.1/commons-validator-1.5.1.jar:/Users/jiwoochoi/.m2/repository/commons-digester/commons-digester/1.8.1/commons-digester-1.8.1.jar:/Users/jiwoochoi/.m2/repository/org/json/json/20160810/json-20160810.jar:/Users/jiwoochoi/.m2/repository/com/jayway/jsonpath/json-path/2.5.0/json-path-2.5.0.jar:/Users/jiwoochoi/.m2/repository/net/minidev/json-smart/2.3/json-smart-2.3.jar:/Users/jiwoochoi/.m2/repository/net/minidev/accessors-smart/1.2/accessors-smart-1.2.jar:/Users/jiwoochoi/.m2/repository/com/zebrunner/carina-aws-s3/1.1.4/carina-aws-s3-1.1.4.jar:/Users/jiwoochoi/.m2/repository/com/zebrunner/carina-commons/1.0.2/carina-commons-1.0.2.jar:/Users/jiwoochoi/.m2/repository/com/amazonaws/aws-java-sdk-s3/1.12.429/aws-java-sdk-s3-1.12.429.jar:/Users/jiwoochoi/.m2/repository/com/amazonaws/aws-java-sdk-core/1.12.429/aws-java-sdk-core-1.12.429.jar:/Users/jiwoochoi/.m2/repository/software/amazon/ion/ion-java/1.0.2/ion-java-1.0.2.jar:/Users/jiwoochoi/.m2/repository/com/fasterxml/jackson/dataformat/jackson-dataformat-cbor/2.12.6/jackson-dataformat-cbor-2.12.6.jar:/Users/jiwoochoi/.m2/repository/com/zebrunner/carina-azure/1.1.4/carina-azure-1.1.4.jar:/Users/jiwoochoi/.m2/repository/com/azure/azure-storage-blob/12.21.1/azure-storage-blob-12.21.1.jar:/Users/jiwoochoi/.m2/repository/com/azure/azure-core/1.37.0/azure-core-1.37.0.jar:/Users/jiwoochoi/.m2/repository/com/fasterxml/jackson/datatype/jackson-datatype-jsr310/2.13.5/jackson-datatype-jsr310-2.13.5.jar:/Users/jiwoochoi/.m2/repository/io/projectreactor/reactor-core/3.4.27/reactor-core-3.4.27.jar:/Users/jiwoochoi/.m2/repository/com/azure/azure-core-http-netty/1.13.1/azure-core-http-netty-1.13.1.jar:/Users/jiwoochoi/.m2/repository/io/netty/netty-handler/4.1.89.Final/netty-handler-4.1.89.Final.jar:/Users/jiwoochoi/.m2/repository/io/netty/netty-handler-proxy/4.1.89.Final/netty-handler-proxy-4.1.89.Final.jar:/Users/jiwoochoi/.m2/repository/io/netty/netty-codec/4.1.89.Final/netty-codec-4.1.89.Final.jar:/Users/jiwoochoi/.m2/repository/io/netty/netty-codec-http2/4.1.89.Final/netty-codec-http2-4.1.89.Final.jar:/Users/jiwoochoi/.m2/repository/io/netty/netty-transport-native-epoll/4.1.89.Final/netty-transport-native-epoll-4.1.89.Final-linux-x86_64.jar:/Users/jiwoochoi/.m2/repository/io/netty/netty-transport-native-kqueue/4.1.89.Final/netty-transport-native-kqueue-4.1.89.Final-osx-x86_64.jar:/Users/jiwoochoi/.m2/repository/io/netty/netty-tcnative-boringssl-static/2.0.56.Final/netty-tcnative-boringssl-static-2.0.56.Final.jar:/Users/jiwoochoi/.m2/repository/io/netty/netty-tcnative-classes/2.0.56.Final/netty-tcnative-classes-2.0.56.Final.jar:/Users/jiwoochoi/.m2/repository/io/netty/netty-tcnative-boringssl-static/2.0.56.Final/netty-tcnative-boringssl-static-2.0.56.Final-linux-x86_64.jar:/Users/jiwoochoi/.m2/repository/io/netty/netty-tcnative-boringssl-static/2.0.56.Final/netty-tcnative-boringssl-static-2.0.56.Final-linux-aarch_64.jar:/Users/jiwoochoi/.m2/repository/io/netty/netty-tcnative-boringssl-static/2.0.56.Final/netty-tcnative-boringssl-static-2.0.56.Final-osx-x86_64.jar:/Users/jiwoochoi/.m2/repository/io/netty/netty-tcnative-boringssl-static/2.0.56.Final/netty-tcnative-boringssl-static-2.0.56.Final-osx-aarch_64.jar:/Users/jiwoochoi/.m2/repository/io/netty/netty-tcnative-boringssl-static/2.0.56.Final/netty-tcnative-boringssl-static-2.0.56.Final-windows-x86_64.jar:/Users/jiwoochoi/.m2/repository/io/projectreactor/netty/reactor-netty-http/1.0.28/reactor-netty-http-1.0.28.jar:/Users/jiwoochoi/.m2/repository/io/netty/netty-resolver-dns/4.1.89.Final/netty-resolver-dns-4.1.89.Final.jar:/Users/jiwoochoi/.m2/repository/io/netty/netty-codec-dns/4.1.89.Final/netty-codec-dns-4.1.89.Final.jar:/Users/jiwoochoi/.m2/repository/io/netty/netty-resolver-dns-native-macos/4.1.89.Final/netty-resolver-dns-native-macos-4.1.89.Final-osx-x86_64.jar:/Users/jiwoochoi/.m2/repository/io/netty/netty-resolver-dns-classes-macos/4.1.89.Final/netty-resolver-dns-classes-macos-4.1.89.Final.jar:/Users/jiwoochoi/.m2/repository/io/projectreactor/netty/reactor-netty-core/1.0.28/reactor-netty-core-1.0.28.jar:/Users/jiwoochoi/.m2/repository/com/azure/azure-storage-common/12.20.1/azure-storage-common-12.20.1.jar:/Users/jiwoochoi/.m2/repository/com/azure/azure-storage-internal-avro/12.6.1/azure-storage-internal-avro-12.6.1.jar:/Users/jiwoochoi/.m2/repository/com/fasterxml/jackson/dataformat/jackson-dataformat-xml/2.13.5/jackson-dataformat-xml-2.13.5.jar:/Users/jiwoochoi/.m2/repository/org/codehaus/woodstox/stax2-api/4.2.1/stax2-api-4.2.1.jar:/Users/jiwoochoi/.m2/repository/com/fasterxml/woodstox/woodstox-core/6.4.0/woodstox-core-6.4.0.jar:/Users/jiwoochoi/.m2/repository/com/zebrunner/carina-appcenter/1.1.4/carina-appcenter-1.1.4.jar:/Users/jiwoochoi/.m2/repository/org/springframework/spring-web/5.3.19/spring-web-5.3.19.jar:/Users/jiwoochoi/.m2/repository/org/springframework/spring-beans/5.3.19/spring-beans-5.3.19.jar:/Users/jiwoochoi/.m2/repository/org/springframework/spring-core/5.3.19/spring-core-5.3.19.jar:/Users/jiwoochoi/.m2/repository/org/springframework/spring-jcl/5.3.19/spring-jcl-5.3.19.jar:/Users/jiwoochoi/.m2/repository/com/google/guava/guava/31.1-jre/guava-31.1-jre.jar:/Users/jiwoochoi/.m2/repository/com/google/guava/failureaccess/1.0.1/failureaccess-1.0.1.jar:/Users/jiwoochoi/.m2/repository/com/google/guava/listenablefuture/9999.0-empty-to-avoid-conflict-with-guava/listenablefuture-9999.0-empty-to-avoid-conflict-with-guava.jar:/Users/jiwoochoi/.m2/repository/com/google/code/findbugs/jsr305/3.0.2/jsr305-3.0.2.jar:/Users/jiwoochoi/.m2/repository/com/google/errorprone/error_prone_annotations/2.11.0/error_prone_annotations-2.11.0.jar:/Users/jiwoochoi/.m2/repository/com/google/j2objc/j2objc-annotations/1.3/j2objc-annotations-1.3.jar:/Users/jiwoochoi/.m2/repository/org/slf4j/slf4j-api/1.7.30/slf4j-api-1.7.30.jar:/Users/jiwoochoi/.m2/repository/org/apache/logging/log4j/log4j-api/2.17.1/log4j-api-2.17.1.jar:/Users/jiwoochoi/.m2/repository/org/apache/logging/log4j/log4j-core/2.17.1/log4j-core-2.17.1.jar:/Users/jiwoochoi/.m2/repository/net/bytebuddy/byte-buddy/1.12.18/byte-buddy-1.12.18.jar:/Users/jiwoochoi/.m2/repository/org/mybatis/mybatis/3.5.6/mybatis-3.5.6.jar:/Users/jiwoochoi/.m2/repository/org/postgresql/postgresql/42.5.3/postgresql-42.5.3.jar:/Users/jiwoochoi/.m2/repository/org/checkerframework/checker-qual/3.5.0/checker-qual-3.5.0.jar:/Users/jiwoochoi/.m2/repository/org/apache/maven/surefire/surefire-testng/3.1.0/surefire-testng-3.1.0.jar:/Users/jiwoochoi/.m2/repository/org/apache/maven/surefire/common-java5/3.1.0/common-java5-3.1.0.jar:/Users/jiwoochoi/.m2/repository/org/apache/maven/surefire/surefire-grouper/3.1.0/surefire-grouper-3.1.0.jar:/Users/jiwoochoi/.m2/repository/org/apache/maven/surefire/surefire-testng-utils/3.1.0/surefire-testng-utils-3.1.0.jar"/>
    <property name="java.vm.vendor" value="Oracle Corporation"/>
    <property name="sun.arch.data.model" value="64"/>
    <property name="java.vendor.url" value="https://java.oracle.com/"/>
    <property name="user.timezone" value="America/Los_Angeles"/>
    <property name="os.name" value="Mac OS X"/>
    <property name="java.vm.specification.version" value="17"/>
    <property name="reporting.enabled" value="false"/>
    <property name="sun.java.launcher" value="SUN_STANDARD"/>
    <property name="user.country" value="US"/>
    <property name="sun.boot.library.path" value="/Library/Java/JavaVirtualMachines/jdk-17.0.5.jdk/Contents/Home/lib"/>
    <property name="sun.java.command" value="org.apache.maven.surefire.booter.ForkedBooter /Users/jiwoochoi/Desktop/projects/Solvd_practice/carina/carina-demo/target/surefire 2023-07-11T12-41-05_825-jvmRun1 surefire-20230711124106598_1tmp surefire_0-20230711124106598_2tmp"/>
    <property name="http.nonProxyHosts" value="local|*.local|169.254/16|*.169.254/16"/>
    <property name="jdk.debug" value="release"/>
    <property name="surefire.test.class.path" value="/Users/jiwoochoi/Desktop/projects/Solvd_practice/carina/carina-demo/target/test-classes:/Users/jiwoochoi/Desktop/projects/Solvd_practice/carina/carina-demo/target/classes:/Users/jiwoochoi/.m2/repository/com/zebrunner/carina-core/1.1.3/carina-core-1.1.3.jar:/Users/jiwoochoi/.m2/repository/com/zebrunner/carina-webdriver/1.1.5/carina-webdriver-1.1.5.jar:/Users/jiwoochoi/.m2/repository/com/zebrunner/agent-testng-pluggable/1.9.6/agent-testng-pluggable-1.9.6.jar:/Users/jiwoochoi/.m2/repository/com/zebrunner/agent-core/1.9.6/agent-core-1.9.6.jar:/Users/jiwoochoi/.m2/repository/org/yaml/snakeyaml/1.30/snakeyaml-1.30.jar:/Users/jiwoochoi/.m2/repository/com/konghq/unirest-java/3.13.10/unirest-java-3.13.10.jar:/Users/jiwoochoi/.m2/repository/org/apache/httpcomponents/httpcore-nio/4.4.13/httpcore-nio-4.4.13.jar:/Users/jiwoochoi/.m2/repository/org/apache/httpcomponents/httpasyncclient/4.1.5/httpasyncclient-4.1.5.jar:/Users/jiwoochoi/.m2/repository/org/seleniumhq/selenium/selenium-support/4.7.0/selenium-support-4.7.0.jar:/Users/jiwoochoi/.m2/repository/com/google/auto/service/auto-service-annotations/1.0.1/auto-service-annotations-1.0.1.jar:/Users/jiwoochoi/.m2/repository/com/google/auto/service/auto-service/1.0.1/auto-service-1.0.1.jar:/Users/jiwoochoi/.m2/repository/com/google/auto/auto-common/1.2/auto-common-1.2.jar:/Users/jiwoochoi/.m2/repository/org/seleniumhq/selenium/selenium-json/4.7.0/selenium-json-4.7.0.jar:/Users/jiwoochoi/.m2/repository/org/seleniumhq/selenium/selenium-api/4.7.0/selenium-api-4.7.0.jar:/Users/jiwoochoi/.m2/repository/org/seleniumhq/selenium/selenium-remote-driver/4.7.0/selenium-remote-driver-4.7.0.jar:/Users/jiwoochoi/.m2/repository/io/netty/netty-buffer/4.1.84.Final/netty-buffer-4.1.84.Final.jar:/Users/jiwoochoi/.m2/repository/io/netty/netty-codec-http/4.1.84.Final/netty-codec-http-4.1.84.Final.jar:/Users/jiwoochoi/.m2/repository/io/netty/netty-common/4.1.84.Final/netty-common-4.1.84.Final.jar:/Users/jiwoochoi/.m2/repository/io/netty/netty-transport-classes-epoll/4.1.84.Final/netty-transport-classes-epoll-4.1.84.Final.jar:/Users/jiwoochoi/.m2/repository/io/netty/netty-transport-classes-kqueue/4.1.84.Final/netty-transport-classes-kqueue-4.1.84.Final.jar:/Users/jiwoochoi/.m2/repository/io/netty/netty-transport-native-epoll/4.1.84.Final/netty-transport-native-epoll-4.1.84.Final.jar:/Users/jiwoochoi/.m2/repository/io/netty/netty-transport-native-kqueue/4.1.84.Final/netty-transport-native-kqueue-4.1.84.Final.jar:/Users/jiwoochoi/.m2/repository/io/netty/netty-transport-native-unix-common/4.1.84.Final/netty-transport-native-unix-common-4.1.84.Final.jar:/Users/jiwoochoi/.m2/repository/io/netty/netty-transport/4.1.84.Final/netty-transport-4.1.84.Final.jar:/Users/jiwoochoi/.m2/repository/io/netty/netty-resolver/4.1.84.Final/netty-resolver-4.1.84.Final.jar:/Users/jiwoochoi/.m2/repository/io/opentelemetry/opentelemetry-api/1.19.0/opentelemetry-api-1.19.0.jar:/Users/jiwoochoi/.m2/repository/io/opentelemetry/opentelemetry-context/1.19.0/opentelemetry-context-1.19.0.jar:/Users/jiwoochoi/.m2/repository/io/opentelemetry/opentelemetry-exporter-logging/1.19.0/opentelemetry-exporter-logging-1.19.0.jar:/Users/jiwoochoi/.m2/repository/io/opentelemetry/opentelemetry-sdk-metrics/1.19.0/opentelemetry-sdk-metrics-1.19.0.jar:/Users/jiwoochoi/.m2/repository/io/opentelemetry/opentelemetry-sdk-logs/1.19.0-alpha/opentelemetry-sdk-logs-1.19.0-alpha.jar:/Users/jiwoochoi/.m2/repository/io/opentelemetry/opentelemetry-api-logs/1.19.0-alpha/opentelemetry-api-logs-1.19.0-alpha.jar:/Users/jiwoochoi/.m2/repository/io/opentelemetry/opentelemetry-sdk-common/1.19.0/opentelemetry-sdk-common-1.19.0.jar:/Users/jiwoochoi/.m2/repository/io/opentelemetry/opentelemetry-sdk-extension-autoconfigure-spi/1.19.0/opentelemetry-sdk-extension-autoconfigure-spi-1.19.0.jar:/Users/jiwoochoi/.m2/repository/io/opentelemetry/opentelemetry-sdk-extension-autoconfigure/1.19.0-alpha/opentelemetry-sdk-extension-autoconfigure-1.19.0-alpha.jar:/Users/jiwoochoi/.m2/repository/io/opentelemetry/opentelemetry-exporter-common/1.19.0/opentelemetry-exporter-common-1.19.0.jar:/Users/jiwoochoi/.m2/repository/io/opentelemetry/opentelemetry-sdk-trace/1.19.0/opentelemetry-sdk-trace-1.19.0.jar:/Users/jiwoochoi/.m2/repository/io/opentelemetry/opentelemetry-sdk/1.19.0/opentelemetry-sdk-1.19.0.jar:/Users/jiwoochoi/.m2/repository/io/opentelemetry/opentelemetry-semconv/1.19.0-alpha/opentelemetry-semconv-1.19.0-alpha.jar:/Users/jiwoochoi/.m2/repository/io/ous/jtoml/2.0.0/jtoml-2.0.0.jar:/Users/jiwoochoi/.m2/repository/org/apache/commons/commons-exec/1.3/commons-exec-1.3.jar:/Users/jiwoochoi/.m2/repository/org/asynchttpclient/async-http-client/2.12.3/async-http-client-2.12.3.jar:/Users/jiwoochoi/.m2/repository/org/asynchttpclient/async-http-client-netty-utils/2.12.3/async-http-client-netty-utils-2.12.3.jar:/Users/jiwoochoi/.m2/repository/io/netty/netty-codec-socks/4.1.60.Final/netty-codec-socks-4.1.60.Final.jar:/Users/jiwoochoi/.m2/repository/org/reactivestreams/reactive-streams/1.0.3/reactive-streams-1.0.3.jar:/Users/jiwoochoi/.m2/repository/com/typesafe/netty/netty-reactive-streams/2.0.4/netty-reactive-streams-2.0.4.jar:/Users/jiwoochoi/.m2/repository/com/sun/activation/jakarta.activation/1.2.2/jakarta.activation-1.2.2.jar:/Users/jiwoochoi/.m2/repository/org/seleniumhq/selenium/selenium-http/4.7.0/selenium-http-4.7.0.jar:/Users/jiwoochoi/.m2/repository/dev/failsafe/failsafe/3.3.0/failsafe-3.3.0.jar:/Users/jiwoochoi/.m2/repository/org/seleniumhq/selenium/selenium-manager/4.7.0/selenium-manager-4.7.0.jar:/Users/jiwoochoi/.m2/repository/org/seleniumhq/selenium/selenium-firefox-driver/4.7.0/selenium-firefox-driver-4.7.0.jar:/Users/jiwoochoi/.m2/repository/org/seleniumhq/selenium/selenium-devtools-v85/4.7.0/selenium-devtools-v85-4.7.0.jar:/Users/jiwoochoi/.m2/repository/org/seleniumhq/selenium/selenium-chrome-driver/4.7.0/selenium-chrome-driver-4.7.0.jar:/Users/jiwoochoi/.m2/repository/org/seleniumhq/selenium/selenium-chromium-driver/4.7.0/selenium-chromium-driver-4.7.0.jar:/Users/jiwoochoi/.m2/repository/org/seleniumhq/selenium/selenium-edge-driver/4.7.0/selenium-edge-driver-4.7.0.jar:/Users/jiwoochoi/.m2/repository/io/appium/java-client/8.3.0/java-client-8.3.0.jar:/Users/jiwoochoi/.m2/repository/cglib/cglib/3.3.0/cglib-3.3.0.jar:/Users/jiwoochoi/.m2/repository/org/ow2/asm/asm/7.1/asm-7.1.jar:/Users/jiwoochoi/.m2/repository/com/github/kklisura/cdt/cdt-java-client/4.0.0/cdt-java-client-4.0.0.jar:/Users/jiwoochoi/.m2/repository/javax/websocket/javax.websocket-api/1.1/javax.websocket-api-1.1.jar:/Users/jiwoochoi/.m2/repository/org/glassfish/tyrus/tyrus-container-grizzly-client/1.13.1/tyrus-container-grizzly-client-1.13.1.jar:/Users/jiwoochoi/.m2/repository/org/glassfish/grizzly/grizzly-framework/2.3.25/grizzly-framework-2.3.25.jar:/Users/jiwoochoi/.m2/repository/org/glassfish/grizzly/grizzly-http-server/2.3.25/grizzly-http-server-2.3.25.jar:/Users/jiwoochoi/.m2/repository/org/glassfish/grizzly/grizzly-http/2.3.25/grizzly-http-2.3.25.jar:/Users/jiwoochoi/.m2/repository/org/glassfish/tyrus/tyrus-client/1.13.1/tyrus-client-1.13.1.jar:/Users/jiwoochoi/.m2/repository/org/glassfish/tyrus/tyrus-core/1.13.1/tyrus-core-1.13.1.jar:/Users/jiwoochoi/.m2/repository/org/glassfish/tyrus/tyrus-spi/1.13.1/tyrus-spi-1.13.1.jar:/Users/jiwoochoi/.m2/repository/org/apache/pdfbox/pdfbox/2.0.28/pdfbox-2.0.28.jar:/Users/jiwoochoi/.m2/repository/org/apache/pdfbox/fontbox/2.0.28/fontbox-2.0.28.jar:/Users/jiwoochoi/.m2/repository/ru/yandex/qatools/ashot/ashot/1.5.4/ashot-1.5.4.jar:/Users/jiwoochoi/.m2/repository/joda-time/joda-time/2.9.9/joda-time-2.9.9.jar:/Users/jiwoochoi/.m2/repository/com/itextpdf/itextpdf/5.5.13.3/itextpdf-5.5.13.3.jar:/Users/jiwoochoi/.m2/repository/org/reflections/reflections/0.10.2/reflections-0.10.2.jar:/Users/jiwoochoi/.m2/repository/com/sun/jersey/jersey-core/1.19.4/jersey-core-1.19.4.jar:/Users/jiwoochoi/.m2/repository/javax/ws/rs/jsr311-api/1.1.1/jsr311-api-1.1.1.jar:/Users/jiwoochoi/.m2/repository/commons-collections/commons-collections/3.2.2/commons-collections-3.2.2.jar:/Users/jiwoochoi/.m2/repository/org/hamcrest/hamcrest-core/1.3/hamcrest-core-1.3.jar:/Users/jiwoochoi/.m2/repository/org/hamcrest/hamcrest-all/1.3/hamcrest-all-1.3.jar:/Users/jiwoochoi/.m2/repository/org/apache/logging/log4j/log4j-slf4j-impl/2.17.1/log4j-slf4j-impl-2.17.1.jar:/Users/jiwoochoi/.m2/repository/com/nordstrom/tools/testng-foundation/2.0.1/testng-foundation-2.0.1.jar:/Users/jiwoochoi/.m2/repository/com/nordstrom/tools/java-utils/1.9.3/java-utils-1.9.3.jar:/Users/jiwoochoi/.m2/repository/com/nordstrom/tools/settings/2.3.3/settings-2.3.3.jar:/Users/jiwoochoi/.m2/repository/commons-beanutils/commons-beanutils/1.9.4/commons-beanutils-1.9.4.jar:/Users/jiwoochoi/.m2/repository/com/zebrunner/carina-dataprovider/1.1.3/carina-dataprovider-1.1.3.jar:/Users/jiwoochoi/.m2/repository/com/zebrunner/carina-utils/1.1.5/carina-utils-1.1.5.jar:/Users/jiwoochoi/.m2/repository/com/zebrunner/carina-crypto/1.0.1/carina-crypto-1.0.1.jar:/Users/jiwoochoi/.m2/repository/commons-cli/commons-cli/1.5.0/commons-cli-1.5.0.jar:/Users/jiwoochoi/.m2/repository/org/apache/commons/commons-lang3/3.12.0/commons-lang3-3.12.0.jar:/Users/jiwoochoi/.m2/repository/com/sun/jna/jna/3.0.9/jna-3.0.9.jar:/Users/jiwoochoi/.m2/repository/org/mongodb/mongo-java-driver/2.11.3/mongo-java-driver-2.11.3.jar:/Users/jiwoochoi/.m2/repository/commons-net/commons-net/3.9.0/commons-net-3.9.0.jar:/Users/jiwoochoi/.m2/repository/org/imgscalr/imgscalr-lib/4.2/imgscalr-lib-4.2.jar:/Users/jiwoochoi/.m2/repository/net/sf/opencsv/opencsv/1.7/opencsv-1.7.jar:/Users/jiwoochoi/.m2/repository/org/apache/poi/poi-ooxml/4.1.2/poi-ooxml-4.1.2.jar:/Users/jiwoochoi/.m2/repository/org/apache/poi/poi/4.1.2/poi-4.1.2.jar:/Users/jiwoochoi/.m2/repository/org/apache/commons/commons-collections4/4.4/commons-collections4-4.4.jar:/Users/jiwoochoi/.m2/repository/org/apache/commons/commons-math3/3.6.1/commons-math3-3.6.1.jar:/Users/jiwoochoi/.m2/repository/com/zaxxer/SparseBitSet/1.2/SparseBitSet-1.2.jar:/Users/jiwoochoi/.m2/repository/org/apache/poi/poi-ooxml-schemas/4.1.2/poi-ooxml-schemas-4.1.2.jar:/Users/jiwoochoi/.m2/repository/org/apache/xmlbeans/xmlbeans/3.1.0/xmlbeans-3.1.0.jar:/Users/jiwoochoi/.m2/repository/org/apache/commons/commons-compress/1.19/commons-compress-1.19.jar:/Users/jiwoochoi/.m2/repository/com/github/virtuald/curvesapi/1.06/curvesapi-1.06.jar:/Users/jiwoochoi/.m2/repository/org/testng/testng/7.7.1/testng-7.7.1.jar:/Users/jiwoochoi/.m2/repository/com/beust/jcommander/1.82/jcommander-1.82.jar:/Users/jiwoochoi/.m2/repository/org/webjars/jquery/3.6.1/jquery-3.6.1.jar:/Users/jiwoochoi/.m2/repository/com/zebrunner/carina-api/1.1.3/carina-api-1.1.3.jar:/Users/jiwoochoi/.m2/repository/org/apache/httpcomponents/httpclient/4.5.13/httpclient-4.5.13.jar:/Users/jiwoochoi/.m2/repository/org/apache/httpcomponents/httpcore/4.4.13/httpcore-4.4.13.jar:/Users/jiwoochoi/.m2/repository/commons-logging/commons-logging/1.2/commons-logging-1.2.jar:/Users/jiwoochoi/.m2/repository/commons-codec/commons-codec/1.11/commons-codec-1.11.jar:/Users/jiwoochoi/.m2/repository/commons-io/commons-io/2.7/commons-io-2.7.jar:/Users/jiwoochoi/.m2/repository/io/rest-assured/rest-assured/4.3.0/rest-assured-4.3.0.jar:/Users/jiwoochoi/.m2/repository/org/codehaus/groovy/groovy/3.0.2/groovy-3.0.2.jar:/Users/jiwoochoi/.m2/repository/org/codehaus/groovy/groovy-xml/3.0.2/groovy-xml-3.0.2.jar:/Users/jiwoochoi/.m2/repository/org/apache/httpcomponents/httpmime/4.5.3/httpmime-4.5.3.jar:/Users/jiwoochoi/.m2/repository/org/hamcrest/hamcrest/2.1/hamcrest-2.1.jar:/Users/jiwoochoi/.m2/repository/org/ccil/cowan/tagsoup/tagsoup/1.2.1/tagsoup-1.2.1.jar:/Users/jiwoochoi/.m2/repository/io/rest-assured/xml-path/4.3.0/xml-path-4.3.0.jar:/Users/jiwoochoi/.m2/repository/jakarta/xml/bind/jakarta.xml.bind-api/2.3.2/jakarta.xml.bind-api-2.3.2.jar:/Users/jiwoochoi/.m2/repository/jakarta/activation/jakarta.activation-api/1.2.1/jakarta.activation-api-1.2.1.jar:/Users/jiwoochoi/.m2/repository/com/sun/xml/bind/jaxb-osgi/2.3.0.1/jaxb-osgi-2.3.0.1.jar:/Users/jiwoochoi/.m2/repository/org/apache/sling/org.apache.sling.javax.activation/0.1.0/org.apache.sling.javax.activation-0.1.0.jar:/Users/jiwoochoi/.m2/repository/io/rest-assured/json-path/4.3.0/json-path-4.3.0.jar:/Users/jiwoochoi/.m2/repository/org/codehaus/groovy/groovy-json/3.0.2/groovy-json-3.0.2.jar:/Users/jiwoochoi/.m2/repository/io/rest-assured/rest-assured-common/4.3.0/rest-assured-common-4.3.0.jar:/Users/jiwoochoi/.m2/repository/com/google/code/gson/gson/2.9.0/gson-2.9.0.jar:/Users/jiwoochoi/.m2/repository/javax/xml/bind/jaxb-api/2.2.2/jaxb-api-2.2.2.jar:/Users/jiwoochoi/.m2/repository/javax/xml/stream/stax-api/1.0-2/stax-api-1.0-2.jar:/Users/jiwoochoi/.m2/repository/javax/activation/activation/1.1/activation-1.1.jar:/Users/jiwoochoi/.m2/repository/com/fasterxml/jackson/core/jackson-core/2.14.1/jackson-core-2.14.1.jar:/Users/jiwoochoi/.m2/repository/com/fasterxml/jackson/core/jackson-databind/2.14.1/jackson-databind-2.14.1.jar:/Users/jiwoochoi/.m2/repository/com/fasterxml/jackson/core/jackson-annotations/2.14.1/jackson-annotations-2.14.1.jar:/Users/jiwoochoi/.m2/repository/org/apache/commons/commons-configuration2/2.8.0/commons-configuration2-2.8.0.jar:/Users/jiwoochoi/.m2/repository/org/apache/commons/commons-text/1.10.0/commons-text-1.10.0.jar:/Users/jiwoochoi/.m2/repository/org/freemarker/freemarker/2.3.31/freemarker-2.3.31.jar:/Users/jiwoochoi/.m2/repository/org/skyscreamer/jsonassert/1.5.0/jsonassert-1.5.0.jar:/Users/jiwoochoi/.m2/repository/ognl/ognl/3.3.2/ognl-3.3.2.jar:/Users/jiwoochoi/.m2/repository/org/javassist/javassist/3.28.0-GA/javassist-3.28.0-GA.jar:/Users/jiwoochoi/.m2/repository/org/xmlunit/xmlunit-assertj3/2.8.2/xmlunit-assertj3-2.8.2.jar:/Users/jiwoochoi/.m2/repository/org/xmlunit/xmlunit-core/2.8.2/xmlunit-core-2.8.2.jar:/Users/jiwoochoi/.m2/repository/org/assertj/assertj-core/3.18.1/assertj-core-3.18.1.jar:/Users/jiwoochoi/.m2/repository/io/rest-assured/json-schema-validator/4.3.0/json-schema-validator-4.3.0.jar:/Users/jiwoochoi/.m2/repository/com/github/java-json-tools/json-schema-validator/2.2.10/json-schema-validator-2.2.10.jar:/Users/jiwoochoi/.m2/repository/com/github/java-json-tools/json-schema-core/1.2.10/json-schema-core-1.2.10.jar:/Users/jiwoochoi/.m2/repository/com/github/java-json-tools/jackson-coreutils/1.9/jackson-coreutils-1.9.jar:/Users/jiwoochoi/.m2/repository/com/github/fge/msg-simple/1.1/msg-simple-1.1.jar:/Users/jiwoochoi/.m2/repository/com/github/fge/btf/1.2/btf-1.2.jar:/Users/jiwoochoi/.m2/repository/com/github/fge/uri-template/0.9/uri-template-0.9.jar:/Users/jiwoochoi/.m2/repository/org/mozilla/rhino/1.7.7.1/rhino-1.7.7.1.jar:/Users/jiwoochoi/.m2/repository/javax/mail/mailapi/1.4.3/mailapi-1.4.3.jar:/Users/jiwoochoi/.m2/repository/com/googlecode/libphonenumber/libphonenumber/8.0.0/libphonenumber-8.0.0.jar:/Users/jiwoochoi/.m2/repository/net/sf/jopt-simple/jopt-simple/5.0.3/jopt-simple-5.0.3.jar:/Users/jiwoochoi/.m2/repository/org/everit/json/org.everit.json.schema/1.5.1/org.everit.json.schema-1.5.1.jar:/Users/jiwoochoi/.m2/repository/commons-validator/commons-validator/1.5.1/commons-validator-1.5.1.jar:/Users/jiwoochoi/.m2/repository/commons-digester/commons-digester/1.8.1/commons-digester-1.8.1.jar:/Users/jiwoochoi/.m2/repository/org/json/json/20160810/json-20160810.jar:/Users/jiwoochoi/.m2/repository/com/jayway/jsonpath/json-path/2.5.0/json-path-2.5.0.jar:/Users/jiwoochoi/.m2/repository/net/minidev/json-smart/2.3/json-smart-2.3.jar:/Users/jiwoochoi/.m2/repository/net/minidev/accessors-smart/1.2/accessors-smart-1.2.jar:/Users/jiwoochoi/.m2/repository/com/zebrunner/carina-aws-s3/1.1.4/carina-aws-s3-1.1.4.jar:/Users/jiwoochoi/.m2/repository/com/zebrunner/carina-commons/1.0.2/carina-commons-1.0.2.jar:/Users/jiwoochoi/.m2/repository/com/amazonaws/aws-java-sdk-s3/1.12.429/aws-java-sdk-s3-1.12.429.jar:/Users/jiwoochoi/.m2/repository/com/amazonaws/aws-java-sdk-core/1.12.429/aws-java-sdk-core-1.12.429.jar:/Users/jiwoochoi/.m2/repository/software/amazon/ion/ion-java/1.0.2/ion-java-1.0.2.jar:/Users/jiwoochoi/.m2/repository/com/fasterxml/jackson/dataformat/jackson-dataformat-cbor/2.12.6/jackson-dataformat-cbor-2.12.6.jar:/Users/jiwoochoi/.m2/repository/com/zebrunner/carina-azure/1.1.4/carina-azure-1.1.4.jar:/Users/jiwoochoi/.m2/repository/com/azure/azure-storage-blob/12.21.1/azure-storage-blob-12.21.1.jar:/Users/jiwoochoi/.m2/repository/com/azure/azure-core/1.37.0/azure-core-1.37.0.jar:/Users/jiwoochoi/.m2/repository/com/fasterxml/jackson/datatype/jackson-datatype-jsr310/2.13.5/jackson-datatype-jsr310-2.13.5.jar:/Users/jiwoochoi/.m2/repository/io/projectreactor/reactor-core/3.4.27/reactor-core-3.4.27.jar:/Users/jiwoochoi/.m2/repository/com/azure/azure-core-http-netty/1.13.1/azure-core-http-netty-1.13.1.jar:/Users/jiwoochoi/.m2/repository/io/netty/netty-handler/4.1.89.Final/netty-handler-4.1.89.Final.jar:/Users/jiwoochoi/.m2/repository/io/netty/netty-handler-proxy/4.1.89.Final/netty-handler-proxy-4.1.89.Final.jar:/Users/jiwoochoi/.m2/repository/io/netty/netty-codec/4.1.89.Final/netty-codec-4.1.89.Final.jar:/Users/jiwoochoi/.m2/repository/io/netty/netty-codec-http2/4.1.89.Final/netty-codec-http2-4.1.89.Final.jar:/Users/jiwoochoi/.m2/repository/io/netty/netty-transport-native-epoll/4.1.89.Final/netty-transport-native-epoll-4.1.89.Final-linux-x86_64.jar:/Users/jiwoochoi/.m2/repository/io/netty/netty-transport-native-kqueue/4.1.89.Final/netty-transport-native-kqueue-4.1.89.Final-osx-x86_64.jar:/Users/jiwoochoi/.m2/repository/io/netty/netty-tcnative-boringssl-static/2.0.56.Final/netty-tcnative-boringssl-static-2.0.56.Final.jar:/Users/jiwoochoi/.m2/repository/io/netty/netty-tcnative-classes/2.0.56.Final/netty-tcnative-classes-2.0.56.Final.jar:/Users/jiwoochoi/.m2/repository/io/netty/netty-tcnative-boringssl-static/2.0.56.Final/netty-tcnative-boringssl-static-2.0.56.Final-linux-x86_64.jar:/Users/jiwoochoi/.m2/repository/io/netty/netty-tcnative-boringssl-static/2.0.56.Final/netty-tcnative-boringssl-static-2.0.56.Final-linux-aarch_64.jar:/Users/jiwoochoi/.m2/repository/io/netty/netty-tcnative-boringssl-static/2.0.56.Final/netty-tcnative-boringssl-static-2.0.56.Final-osx-x86_64.jar:/Users/jiwoochoi/.m2/repository/io/netty/netty-tcnative-boringssl-static/2.0.56.Final/netty-tcnative-boringssl-static-2.0.56.Final-osx-aarch_64.jar:/Users/jiwoochoi/.m2/repository/io/netty/netty-tcnative-boringssl-static/2.0.56.Final/netty-tcnative-boringssl-static-2.0.56.Final-windows-x86_64.jar:/Users/jiwoochoi/.m2/repository/io/projectreactor/netty/reactor-netty-http/1.0.28/reactor-netty-http-1.0.28.jar:/Users/jiwoochoi/.m2/repository/io/netty/netty-resolver-dns/4.1.89.Final/netty-resolver-dns-4.1.89.Final.jar:/Users/jiwoochoi/.m2/repository/io/netty/netty-codec-dns/4.1.89.Final/netty-codec-dns-4.1.89.Final.jar:/Users/jiwoochoi/.m2/repository/io/netty/netty-resolver-dns-native-macos/4.1.89.Final/netty-resolver-dns-native-macos-4.1.89.Final-osx-x86_64.jar:/Users/jiwoochoi/.m2/repository/io/netty/netty-resolver-dns-classes-macos/4.1.89.Final/netty-resolver-dns-classes-macos-4.1.89.Final.jar:/Users/jiwoochoi/.m2/repository/io/projectreactor/netty/reactor-netty-core/1.0.28/reactor-netty-core-1.0.28.jar:/Users/jiwoochoi/.m2/repository/com/azure/azure-storage-common/12.20.1/azure-storage-common-12.20.1.jar:/Users/jiwoochoi/.m2/repository/com/azure/azure-storage-internal-avro/12.6.1/azure-storage-internal-avro-12.6.1.jar:/Users/jiwoochoi/.m2/repository/com/fasterxml/jackson/dataformat/jackson-dataformat-xml/2.13.5/jackson-dataformat-xml-2.13.5.jar:/Users/jiwoochoi/.m2/repository/org/codehaus/woodstox/stax2-api/4.2.1/stax2-api-4.2.1.jar:/Users/jiwoochoi/.m2/repository/com/fasterxml/woodstox/woodstox-core/6.4.0/woodstox-core-6.4.0.jar:/Users/jiwoochoi/.m2/repository/com/zebrunner/carina-appcenter/1.1.4/carina-appcenter-1.1.4.jar:/Users/jiwoochoi/.m2/repository/org/springframework/spring-web/5.3.19/spring-web-5.3.19.jar:/Users/jiwoochoi/.m2/repository/org/springframework/spring-beans/5.3.19/spring-beans-5.3.19.jar:/Users/jiwoochoi/.m2/repository/org/springframework/spring-core/5.3.19/spring-core-5.3.19.jar:/Users/jiwoochoi/.m2/repository/org/springframework/spring-jcl/5.3.19/spring-jcl-5.3.19.jar:/Users/jiwoochoi/.m2/repository/com/google/guava/guava/31.1-jre/guava-31.1-jre.jar:/Users/jiwoochoi/.m2/repository/com/google/guava/failureaccess/1.0.1/failureaccess-1.0.1.jar:/Users/jiwoochoi/.m2/repository/com/google/guava/listenablefuture/9999.0-empty-to-avoid-conflict-with-guava/listenablefuture-9999.0-empty-to-avoid-conflict-with-guava.jar:/Users/jiwoochoi/.m2/repository/com/google/code/findbugs/jsr305/3.0.2/jsr305-3.0.2.jar:/Users/jiwoochoi/.m2/repository/com/google/errorprone/error_prone_annotations/2.11.0/error_prone_annotations-2.11.0.jar:/Users/jiwoochoi/.m2/repository/com/google/j2objc/j2objc-annotations/1.3/j2objc-annotations-1.3.jar:/Users/jiwoochoi/.m2/repository/org/slf4j/slf4j-api/1.7.30/slf4j-api-1.7.30.jar:/Users/jiwoochoi/.m2/repository/org/apache/logging/log4j/log4j-api/2.17.1/log4j-api-2.17.1.jar:/Users/jiwoochoi/.m2/repository/org/apache/logging/log4j/log4j-core/2.17.1/log4j-core-2.17.1.jar:/Users/jiwoochoi/.m2/repository/net/bytebuddy/byte-buddy/1.12.18/byte-buddy-1.12.18.jar:/Users/jiwoochoi/.m2/repository/org/mybatis/mybatis/3.5.6/mybatis-3.5.6.jar:/Users/jiwoochoi/.m2/repository/org/postgresql/postgresql/42.5.3/postgresql-42.5.3.jar:/Users/jiwoochoi/.m2/repository/org/checkerframework/checker-qual/3.5.0/checker-qual-3.5.0.jar:"/>
    <property name="sun.cpu.endian" value="little"/>
    <property name="user.home" value="/Users/jiwoochoi"/>
    <property name="user.language" value="en"/>
    <property name="java.specification.vendor" value="Oracle Corporation"/>
    <property name="java.version.date" value="2022-10-18"/>
    <property name="java.home" value="/Library/Java/JavaVirtualMachines/jdk-17.0.5.jdk/Contents/Home"/>
    <property name="file.separator" value="/"/>
    <property name="basedir" value="/Users/jiwoochoi/Desktop/projects/Solvd_practice/carina/carina-demo"/>
    <property name="java.vm.compressedOopsMode" value="Zero based"/>
    <property name="line.separator" value="&#10;"/>
    <property name="java.vm.specification.vendor" value="Oracle Corporation"/>
    <property name="java.specification.name" value="Java Platform API Specification"/>
    <property name="reporting.server.hostname" value=""/>
    <property name="sun.management.compiler" value="HotSpot 64-Bit Tiered Compilers"/>
    <property name="ftp.nonProxyHosts" value="local|*.local|169.254/16|*.169.254/16"/>
    <property name="java.runtime.version" value="17.0.5+9-LTS-191"/>
    <property name="user.name" value="jiwoochoi"/>
    <property name="reporting.projectKey" value="DEF"/>
    <property name="path.separator" value=":"/>
    <property name="os.version" value="13.4"/>
    <property name="java.runtime.name" value="Java(TM) SE Runtime Environment"/>
    <property name="file.encoding" value="UTF-8"/>
    <property name="java.vm.name" value="Java HotSpot(TM) 64-Bit Server VM"/>
    <property name="reporting.server.accessToken" value=""/>
    <property name="localRepository" value="/Users/jiwoochoi/.m2/repository"/>
    <property name="java.vendor.url.bug" value="https://bugreport.java.com/bugreport/"/>
    <property name="java.io.tmpdir" value="/var/folders/zt/5q_190yd0x5872lns0f17cbh0000gn/T/"/>
    <property name="java.version" value="17.0.5"/>
    <property name="user.dir" value="/Users/jiwoochoi/Desktop/projects/Solvd_practice/carina/carina-demo"/>
    <property name="os.arch" value="aarch64"/>
    <property name="java.vm.specification.name" value="Java Virtual Machine Specification"/>
    <property name="native.encoding" value="UTF-8"/>
    <property name="java.library.path" value="/Users/jiwoochoi/Library/Java/Extensions:/Library/Java/Extensions:/Network/Library/Java/Extensions:/System/Library/Java/Extensions:/usr/lib/java:."/>
    <property name="suite" value="api"/>
    <property name="java.vm.info" value="mixed mode, sharing"/>
    <property name="java.vendor" value="Oracle Corporation"/>
    <property name="java.vm.version" value="17.0.5+9-LTS-191"/>
    <property name="sun.io.unicode.encoding" value="UnicodeBig"/>
    <property name="socksNonProxyHosts" value="local|*.local|169.254/16|*.169.254/16"/>
    <property name="java.class.version" value="61.0"/>
    <property name="reporting.run.environment" value=""/>
  </properties>
  <testcase name="testCreateUserMissingSomeFields" classname="com.solvd.carina.demo.APISampleTest" time="1.791">
    <system-out><![CDATA[2023-07-11 12:41:08 CarinaListener [main] [INFO] 
============= Basic configuration =============
env=DEMO
=========== Encryptor configuration ===========
crypto_key_value=*****
=========== WebDriver configuration ===========
url=https://www.gsmarena.com
auto_screenshot=true
localization_encoding=UTF-8
language=en_US
-------------- Driver capabilities ------------
===============================================

2023-07-11 12:41:08 TestRunRegistrar [main-1] [WARN] Reporting disabled: using no op test run registrar
2023-07-11 12:41:10 CarinaListener [main-1] [INFO] Use thread-count='5' from suite file.
2023-07-11 12:41:10 CarinaListener [main-1] [INFO] Set data-provider-thread-count=1
2023-07-11 12:41:10 CarinaListener [main-1] [INFO] CARINA_CORE_VERSION: 1.1.3
2023-07-11 12:41:10 TestRunRegistrar [TestNG-test=User API tests-1] [WARN] Reporting disabled: using no op test run registrar
2023-07-11 12:41:10 Messager [TestNG-test=User API tests-1-28] [INFO] TEST [User API tests - testCreateUser] STARTED at [12:41:10 2023-07-11]
2023-07-11 12:41:10 TestRunRegistrar [TestNG-test=User API tests-2] [WARN] Reporting disabled: using no op test run registrar
2023-07-11 12:41:10 Messager [TestNG-test=User API tests-2-29] [INFO] TEST [User API tests - testCreateUserMissingSomeFields] STARTED at [12:41:10 2023-07-11]
2023-07-11 12:41:10 APISampleTest [TestNG-test=User API tests-1-28] [INFO] test
2023-07-11 12:41:10 TestRunRegistrar [TestNG-test=User API tests-3] [WARN] Reporting disabled: using no op test run registrar
2023-07-11 12:41:10 Messager [TestNG-test=User API tests-3-30] [INFO] TEST [User API tests - testDeleteUsers] STARTED at [12:41:10 2023-07-11]
2023-07-11 12:41:10 TestRunRegistrar [TestNG-test=User API tests-4] [WARN] Reporting disabled: using no op test run registrar
2023-07-11 12:41:10 Messager [TestNG-test=User API tests-4-31] [INFO] TEST [User API tests - testGetUsers] STARTED at [12:41:10 2023-07-11]
2023-07-11 12:41:11 AbstractApiMethodV2 [TestNG-test=User API tests-2-29] [INFO] Base properties loaded: api/users/user.properties
2023-07-11 12:41:11 AbstractApiMethodV2 [TestNG-test=User API tests-1-28] [INFO] Base properties loaded: api/users/user.properties
2023-07-11 12:41:11 AbstractApiMethodV2 [TestNG-test=User API tests-3-30] [INFO] Base properties loaded: api/users/user.properties
2023-07-11 12:41:11 AbstractApiMethodV2 [TestNG-test=User API tests-2-29] [INFO] Base properties loaded: api/users/user.properties
2023-07-11 12:41:11 AbstractApiMethodV2 [TestNG-test=User API tests-1-28] [INFO] Base properties loaded: api/users/user.properties
2023-07-11 12:41:12 AbstractApiMethod [TestNG-test=User API tests-4-31] [INFO] Request method:	GET
Request URI:	https://jsonplaceholder.typicode.com/users
Request params:	<none>
Query params:	<none>
Form params:	<none>
Path params:	<none>
Multiparts:		<none>
Cookies:		<none>
Headers:		Accept=*/*
				Content-Type=application/json; charset=UTF-8
Body:			<none>
HTTP/1.1 200 OK
Date: Tue, 11 Jul 2023 19:41:12 GMT
Content-Type: application/json; charset=utf-8
Transfer-Encoding: chunked
Connection: keep-alive
X-Powered-By: Express
X-Ratelimit-Limit: 1000
X-Ratelimit-Remaining: 999
X-Ratelimit-Reset: 1688404459
Vary: Origin, Accept-Encoding
Access-Control-Allow-Credentials: true
Cache-Control: max-age=43200
Pragma: no-cache
Expires: -1
X-Content-Type-Options: nosniff
Etag: W/"160d-1eMSsxeJRfnVLRBmYJSbCiJZ1qQ"
Content-Encoding: gzip
Via: 1.1 vegur
CF-Cache-Status: HIT
Age: 8520
Report-To: {"endpoints":[{"url":"https:\/\/a.nel.cloudflare.com\/report\/v3?s=IfV7z0WkloUWqBdEvfl5VcFAsrhDOUcHluR%2FyiTpsoyD96KidVY9JOLO0Qf1lURDRunWwLwvAY42vZy7LJdPD8ecM39V3ZU7bitP9Efr1zFlmv2xFRhtvSsGBaoetVE87GoJ%2FI4W3v5xPFXSmCqb"}],"group":"cf-nel","max_age":604800}
NEL: {"success_fraction":0,"report_to":"cf-nel","max_age":604800}
Server: cloudflare
CF-RAY: 7e5385c9699696ed-SJC
alt-svc: h3=":443"; ma=86400

[
    {
        "id": 1,
        "name": "Leanne Graham",
        "username": "Bret",
        "email": "Sincere@april.biz",
        "address": {
            "street": "Kulas Light",
            "suite": "Apt. 556",
            "city": "Gwenborough",
            "zipcode": "92998-3874",
            "geo": {
                "lat": "-37.3159",
                "lng": "81.1496"
            }
        },
        "phone": "1-770-736-8031 x56442",
        "website": "hildegard.org",
        "company": {
            "name": "Romaguera-Crona",
            "catchPhrase": "Multi-layered client-server neural-net",
            "bs": "harness real-time e-markets"
        }
    },
    {
        "id": 2,
        "name": "Ervin Howell",
        "username": "Antonette",
        "email": "Shanna@melissa.tv",
        "address": {
            "street": "Victor Plains",
            "suite": "Suite 879",
            "city": "Wisokyburgh",
            "zipcode": "90566-7771",
            "geo": {
                "lat": "-43.9509",
                "lng": "-34.4618"
            }
        },
        "phone": "010-692-6593 x09125",
        "website": "anastasia.net",
        "company": {
            "name": "Deckow-Crist",
            "catchPhrase": "Proactive didactic contingency",
            "bs": "synergize scalable supply-chains"
        }
    },
    {
        "id": 3,
        "name": "Clementine Bauch",
        "username": "Samantha",
        "email": "Nathan@yesenia.net",
        "address": {
            "street": "Douglas Extension",
            "suite": "Suite 847",
            "city": "McKenziehaven",
            "zipcode": "59590-4157",
            "geo": {
                "lat": "-68.6102",
                "lng": "-47.0653"
            }
        },
        "phone": "1-463-123-4447",
        "website": "ramiro.info",
        "company": {
            "name": "Romaguera-Jacobson",
            "catchPhrase": "Face to face bifurcated interface",
            "bs": "e-enable strategic applications"
        }
    },
    {
        "id": 4,
        "name": "Patricia Lebsack",
        "username": "Karianne",
        "email": "Julianne.OConner@kory.org",
        "address": {
            "street": "Hoeger Mall",
            "suite": "Apt. 692",
            "city": "South Elvis",
            "zipcode": "53919-4257",
            "geo": {
                "lat": "29.4572",
                "lng": "-164.2990"
            }
        },
        "phone": "493-170-9623 x156",
        "website": "kale.biz",
        "company": {
            "name": "Robel-Corkery",
            "catchPhrase": "Multi-tiered zero tolerance productivity",
            "bs": "transition cutting-edge web services"
        }
    },
    {
        "id": 5,
        "name": "Chelsey Dietrich",
        "username": "Kamren",
        "email": "Lucio_Hettinger@annie.ca",
        "address": {
            "street": "Skiles Walks",
            "suite": "Suite 351",
            "city": "Roscoeview",
            "zipcode": "33263",
            "geo": {
                "lat": "-31.8129",
                "lng": "62.5342"
            }
        },
        "phone": "(254)954-1289",
        "website": "demarco.info",
        "company": {
            "name": "Keebler LLC",
            "catchPhrase": "User-centric fault-tolerant solution",
            "bs": "revolutionize end-to-end systems"
        }
    },
    {
        "id": 6,
        "name": "Mrs. Dennis Schulist",
        "username": "Leopoldo_Corkery",
        "email": "Karley_Dach@jasper.info",
        "address": {
            "street": "Norberto Crossing",
            "suite": "Apt. 950",
            "city": "South Christy",
            "zipcode": "23505-1337",
            "geo": {
                "lat": "-71.4197",
                "lng": "71.7478"
            }
        },
        "phone": "1-477-935-8478 x6430",
        "website": "ola.org",
        "company": {
            "name": "Considine-Lockman",
            "catchPhrase": "Synchronised bottom-line interface",
            "bs": "e-enable innovative applications"
        }
    },
    {
        "id": 7,
        "name": "Kurtis Weissnat",
        "username": "Elwyn.Skiles",
        "email": "Telly.Hoeger@billy.biz",
        "address": {
            "street": "Rex Trail",
            "suite": "Suite 280",
            "city": "Howemouth",
            "zipcode": "58804-1099",
            "geo": {
                "lat": "24.8918",
                "lng": "21.8984"
            }
        },
        "phone": "210.067.6132",
        "website": "elvis.io",
        "company": {
            "name": "Johns Group",
            "catchPhrase": "Configurable multimedia task-force",
            "bs": "generate enterprise e-tailers"
        }
    },
    {
        "id": 8,
        "name": "Nicholas Runolfsdottir V",
        "username": "Maxime_Nienow",
        "email": "Sherwood@rosamond.me",
        "address": {
            "street": "Ellsworth Summit",
            "suite": "Suite 729",
            "city": "Aliyaview",
            "zipcode": "45169",
            "geo": {
                "lat": "-14.3990",
                "lng": "-120.7677"
            }
        },
        "phone": "586.493.6943 x140",
        "website": "jacynthe.com",
        "company": {
            "name": "Abernathy Group",
            "catchPhrase": "Implemented secondary concept",
            "bs": "e-enable extensible e-tailers"
        }
    },
    {
        "id": 9,
        "name": "Glenna Reichert",
        "username": "Delphine",
        "email": "Chaim_McDermott@dana.io",
        "address": {
            "street": "Dayna Park",
            "suite": "Suite 449",
            "city": "Bartholomebury",
            "zipcode": "76495-3109",
            "geo": {
                "lat": "24.6463",
                "lng": "-168.8889"
            }
        },
        "phone": "(775)976-6794 x41206",
        "website": "conrad.com",
        "company": {
            "name": "Yost and Sons",
            "catchPhrase": "Switchable contextually-based project",
            "bs": "aggregate real-time technologies"
        }
    },
    {
        "id": 10,
        "name": "Clementina DuBuque",
        "username": "Moriah.Stanton",
        "email": "Rey.Padberg@karina.biz",
        "address": {
            "street": "Kattie Turnpike",
            "suite": "Suite 198",
            "city": "Lebsackbury",
            "zipcode": "31428-2261",
            "geo": {
                "lat": "-38.2386",
                "lng": "57.2232"
            }
        },
        "phone": "024-648-3804",
        "website": "ambrose.net",
        "company": {
            "name": "Hoeger LLC",
            "catchPhrase": "Centralized empowering task-force",
            "bs": "target end-to-end models"
        }
    }
]

2023-07-11 12:41:12 JsonValidator [TestNG-test=User API tests-4-31] [INFO] JSON schema of version below or equal to draft-04 was detected
2023-07-11 12:41:12 AbstractApiMethod [TestNG-test=User API tests-2-29] [INFO] Request method:	POST
Request URI:	https://jsonplaceholder.typicode.com/users
Request params:	<none>
Query params:	<none>
Form params:	<none>
Path params:	<none>
Multiparts:		<none>
Cookies:		<none>
Headers:		Accept=*/*
				Content-Type=application/json; charset=UTF-8
Body:
[
    {
        "id": 1,
        "email": "Sincere@april.biz",
        "address": {
            "street": "Kulas Light",
            "suite": "Apt. 556",
            "city": "Gwenborough",
            "zipcode": "92998-3874",
            "geo": {
                "lat": "-37.3159",
                "lng": "81.1496"
            }
        },
        "phone": "1-770-736-8031 x56442",
        "website": "hildegard.org",
        "company": {
            "name": "bbijglhl",
            "catchPhrase": "Multi-layered client-server neural-net",
            "bs": "harness real-time e-markets"
        }
    }
]
HTTP/1.1 201 Created
Date: Tue, 11 Jul 2023 19:41:12 GMT
Content-Type: application/json; charset=utf-8
Content-Length: 516
Connection: keep-alive
X-Powered-By: Express
X-Ratelimit-Limit: 1000
X-Ratelimit-Remaining: 999
X-Ratelimit-Reset: 1689104516
Vary: Origin, X-HTTP-Method-Override, Accept-Encoding
Access-Control-Allow-Credentials: true
Cache-Control: no-cache
Pragma: no-cache
Expires: -1
Access-Control-Expose-Headers: Location
Location: http://jsonplaceholder.typicode.com/users/11
X-Content-Type-Options: nosniff
Etag: W/"204-v47902FzZk2VEcOdd+GjYa+1BVI"
Via: 1.1 vegur
CF-Cache-Status: DYNAMIC
Report-To: {"endpoints":[{"url":"https:\/\/a.nel.cloudflare.com\/report\/v3?s=fRx%2FebhaoVI5WxI1mRrtqCgkE%2BXG2TANi54YsbcaC3wWWDWIVDABuPRLV%2Bp76lHV8nTP6UKyxW5NgR%2B4adjjYaBdgqk%2FZUdN9jIK8oKjrp7nrPi3v1te2ySPpgsObgNVjeyxs1filPBjA7posEgS"}],"group":"cf-nel","max_age":604800}
NEL: {"success_fraction":0,"report_to":"cf-nel","max_age":604800}
Server: cloudflare
CF-RAY: 7e5385c96df1f99f-SJC
alt-svc: h3=":443"; ma=86400

{
    "0": {
        "id": 1,
        "email": "Sincere@april.biz",
        "address": {
            "street": "Kulas Light",
            "suite": "Apt. 556",
            "city": "Gwenborough",
            "zipcode": "92998-3874",
            "geo": {
                "lat": "-37.3159",
                "lng": "81.1496"
            }
        },
        "phone": "1-770-736-8031 x56442",
        "website": "hildegard.org",
        "company": {
            "name": "bbijglhl",
            "catchPhrase": "Multi-layered client-server neural-net",
            "bs": "harness real-time e-markets"
        }
    },
    "id": 11
}

2023-07-11 12:41:12 Messager [TestNG-test=User API tests-2-29] [INFO] TEST [User API tests - testCreateUserMissingSomeFields] PASSED at [12:41:12 2023-07-11]
2023-07-11 12:41:12 APIMethodPoller [TestNG-test=User API tests-1-28] [INFO] Request method:	POST
Request URI:	https://jsonplaceholder.typicode.com/users
Request params:	<none>
Query params:	<none>
Form params:	<none>
Path params:	<none>
Multiparts:		<none>
Cookies:		<none>
Headers:		Accept=*/*
				Content-Type=application/json; charset=UTF-8
Body:
[
    {
        "id": 1,
        "name": "Leanne Graham",
        "username": "cihoiqnu",
        "email": "Sincere@april.biz",
        "address": {
            "street": "Kulas Light",
            "suite": "Apt. 556",
            "city": "Gwenborough",
            "zipcode": "92998-3874",
            "geo": {
                "lat": "-37.3159",
                "lng": "81.1496"
            }
        },
        "phone": "1-770-736-8031 x56442",
        "website": "hildegard.org",
        "company": {
            "name": "tminkkcg",
            "catchPhrase": "Multi-layered client-server neural-net",
            "bs": "harness real-time e-markets"
        }
    }
]
HTTP/1.1 201 Created
Date: Tue, 11 Jul 2023 19:41:12 GMT
Content-Type: application/json; charset=utf-8
Content-Length: 573
Connection: keep-alive
X-Powered-By: Express
X-Ratelimit-Limit: 1000
X-Ratelimit-Remaining: 998
X-Ratelimit-Reset: 1689104516
Vary: Origin, X-HTTP-Method-Override, Accept-Encoding
Access-Control-Allow-Credentials: true
Cache-Control: no-cache
Pragma: no-cache
Expires: -1
Access-Control-Expose-Headers: Location
Location: http://jsonplaceholder.typicode.com/users/11
X-Content-Type-Options: nosniff
Etag: W/"23d-b5+YJJhscOcHN0X7aY97ctbWeD8"
Via: 1.1 vegur
CF-Cache-Status: DYNAMIC
Report-To: {"endpoints":[{"url":"https:\/\/a.nel.cloudflare.com\/report\/v3?s=PPhFgtikmGOHlEE7Db2%2BRnzFKF8oPJ86IMBLQ9qB%2BdrK8SoX6nmrbpOclp2GIcD7MJtFFkyTpe8H95YQHUO1oDGmv%2B3B38V15AQseHUx6GIopfBAB7XnySmxH9rGxrodr5ojGwOe5%2B9WSk0193Dt"}],"group":"cf-nel","max_age":604800}
NEL: {"success_fraction":0,"report_to":"cf-nel","max_age":604800}
Server: cloudflare
CF-RAY: 7e5385c96e2116a2-SJC
alt-svc: h3=":443"; ma=86400

{
    "0": {
        "id": 1,
        "name": "Leanne Graham",
        "username": "cihoiqnu",
        "email": "Sincere@april.biz",
        "address": {
            "street": "Kulas Light",
            "suite": "Apt. 556",
            "city": "Gwenborough",
            "zipcode": "92998-3874",
            "geo": {
                "lat": "-37.3159",
                "lng": "81.1496"
            }
        },
        "phone": "1-770-736-8031 x56442",
        "website": "hildegard.org",
        "company": {
            "name": "tminkkcg",
            "catchPhrase": "Multi-layered client-server neural-net",
            "bs": "harness real-time e-markets"
        }
    },
    "id": 11
}

2023-07-11 12:41:12 AbstractApiMethod [TestNG-test=User API tests-3-30] [INFO] Request method:	DELETE
Request URI:	https://jsonplaceholder.typicode.com/users/1
Request params:	<none>
Query params:	<none>
Form params:	<none>
Path params:	<none>
Multiparts:		<none>
Cookies:		<none>
Headers:		Accept=*/*
				Content-Type=application/json; charset=UTF-8
Body:
[
    {
        "id": 1,
        "name": "Leanne Graham",
        "username": "qxunklgm",
        "email": "Sincere@april.biz",
        "address": {
            "street": "Kulas Light",
            "suite": "Apt. 556",
            "city": "Gwenborough",
            "zipcode": "92998-3874",
            "geo": {
                "lat": "-37.3159",
                "lng": "81.1496"
            }
        },
        "phone": "1-770-736-8031 x56442",
        "website": "hildegard.org",
        "company": {
            "name": "kleejmmt",
            "catchPhrase": "Multi-layered client-server neural-net",
            "bs": "harness real-time e-markets"
        }
    },
    {
        "id": 2,
        "name": "Leanne Graham",
        "username": "qxunklgm",
        "email": "Sincere@april.biz",
        "address": {
            "street": "Kulas Light",
            "suite": "Apt. 556",
            "city": "Gwenborough",
            "zipcode": "92998-3874",
            "geo": {
                "lat": "-37.3159",
                "lng": "81.1496"
            }
        },
        "phone": "1-770-736-8031 x56442",
        "website": "hildegard.org",
        "company": {
            "name": "kleejmmt",
            "catchPhrase": "Multi-layered client-server neural-net",
            "bs": "harness real-time e-markets"
        }
    }
]
HTTP/1.1 200 OK
Date: Tue, 11 Jul 2023 19:41:12 GMT
Content-Type: application/json; charset=utf-8
Content-Length: 2
Connection: keep-alive
X-Powered-By: Express
X-Ratelimit-Limit: 1000
X-Ratelimit-Remaining: 997
X-Ratelimit-Reset: 1689104516
Vary: Origin, Accept-Encoding
Access-Control-Allow-Credentials: true
Cache-Control: no-cache
Pragma: no-cache
Expires: -1
X-Content-Type-Options: nosniff
Etag: W/"2-vyGp6PvFo4RvsFtPoIWeCReyIC8"
Via: 1.1 vegur
CF-Cache-Status: DYNAMIC
Report-To: {"endpoints":[{"url":"https:\/\/a.nel.cloudflare.com\/report\/v3?s=2KlaQYJ1dgR5t%2BdNiJAvDc3uaJHPck%2BOQEwQYiDPTvREh4P3FVi6woC40PY%2BxUpcx9QX7JdGYz%2BBLhY%2F0Pbb7tDhLJbPDNFdSiPt5vNsEtvIFFQXQ%2BCeSckgNJZa%2Byu7MhWRPvqKhWoAlB%2FIufPu"}],"group":"cf-nel","max_age":604800}
NEL: {"success_fraction":0,"report_to":"cf-nel","max_age":604800}
Server: cloudflare
CF-RAY: 7e5385c969096452-SJC
alt-svc: h3=":443"; ma=86400

{
    
}

]]></system-out>
  </testcase>
  <testcase name="testDeleteUsers" classname="com.solvd.carina.demo.APISampleTest" time="1.792">
    <system-out><![CDATA[2023-07-11 12:41:12 Messager [TestNG-test=User API tests-3-30] [INFO] TEST [User API tests - testDeleteUsers] PASSED at [12:41:12 2023-07-11]
]]></system-out>
  </testcase>
  <testcase name="testGetUsers" classname="com.solvd.carina.demo.APISampleTest" time="1.867">
    <system-out><![CDATA[2023-07-11 12:41:12 JsonValidator [TestNG-test=User API tests-4-31] [INFO] Validation against Json schema successfully passed
2023-07-11 12:41:12 Messager [TestNG-test=User API tests-4-31] [INFO] TEST [User API tests - testGetUsers] PASSED at [12:41:12 2023-07-11]
]]></system-out>
  </testcase>
  <testcase name="testCreateUser" classname="com.solvd.carina.demo.APISampleTest" time="5.766">
    <system-out><![CDATA[2023-07-11 12:41:13 APIMethodPoller [TestNG-test=User API tests-1-28] [INFO] Request method:	POST
Request URI:	https://jsonplaceholder.typicode.com/users
Request params:	<none>
Query params:	<none>
Form params:	<none>
Path params:	<none>
Multiparts:		<none>
Cookies:		<none>
Headers:		Accept=*/*
				Content-Type=application/json; charset=UTF-8
Body:
[
    {
        "id": 1,
        "name": "Leanne Graham",
        "username": "cihoiqnu",
        "email": "Sincere@april.biz",
        "address": {
            "street": "Kulas Light",
            "suite": "Apt. 556",
            "city": "Gwenborough",
            "zipcode": "92998-3874",
            "geo": {
                "lat": "-37.3159",
                "lng": "81.1496"
            }
        },
        "phone": "1-770-736-8031 x56442",
        "website": "hildegard.org",
        "company": {
            "name": "tminkkcg",
            "catchPhrase": "Multi-layered client-server neural-net",
            "bs": "harness real-time e-markets"
        }
    }
]
HTTP/1.1 201 Created
Date: Tue, 11 Jul 2023 19:41:13 GMT
Content-Type: application/json; charset=utf-8
Content-Length: 573
Connection: keep-alive
X-Powered-By: Express
X-Ratelimit-Limit: 1000
X-Ratelimit-Remaining: 996
X-Ratelimit-Reset: 1689104516
Vary: Origin, X-HTTP-Method-Override, Accept-Encoding
Access-Control-Allow-Credentials: true
Cache-Control: no-cache
Pragma: no-cache
Expires: -1
Access-Control-Expose-Headers: Location
Location: http://jsonplaceholder.typicode.com/users/11
X-Content-Type-Options: nosniff
Etag: W/"23d-b5+YJJhscOcHN0X7aY97ctbWeD8"
Via: 1.1 vegur
CF-Cache-Status: DYNAMIC
Report-To: {"endpoints":[{"url":"https:\/\/a.nel.cloudflare.com\/report\/v3?s=qr7v5%2BKCxbhbmMSom4WM6XI0OvBToYL0QHkNcHpmtwJsb3K5SFeINiFm88bUxanJXrGl20Ptr1lBOWAmFfnEjru8hY85S%2FxPLt13uCB4oHXk%2Bp0GLi9RX5cmKEzMVOGp2kWfvhs207Fu%2B98hk5RI"}],"group":"cf-nel","max_age":604800}
NEL: {"success_fraction":0,"report_to":"cf-nel","max_age":604800}
Server: cloudflare
CF-RAY: 7e5385d14c0aceed-SJC
alt-svc: h3=":443"; ma=86400

{
    "0": {
        "id": 1,
        "name": "Leanne Graham",
        "username": "cihoiqnu",
        "email": "Sincere@april.biz",
        "address": {
            "street": "Kulas Light",
            "suite": "Apt. 556",
            "city": "Gwenborough",
            "zipcode": "92998-3874",
            "geo": {
                "lat": "-37.3159",
                "lng": "81.1496"
            }
        },
        "phone": "1-770-736-8031 x56442",
        "website": "hildegard.org",
        "company": {
            "name": "tminkkcg",
            "catchPhrase": "Multi-layered client-server neural-net",
            "bs": "harness real-time e-markets"
        }
    },
    "id": 11
}

2023-07-11 12:41:15 APIMethodPoller [TestNG-test=User API tests-1-28] [INFO] Request method:	POST
Request URI:	https://jsonplaceholder.typicode.com/users
Request params:	<none>
Query params:	<none>
Form params:	<none>
Path params:	<none>
Multiparts:		<none>
Cookies:		<none>
Headers:		Accept=*/*
				Content-Type=application/json; charset=UTF-8
Body:
[
    {
        "id": 1,
        "name": "Leanne Graham",
        "username": "cihoiqnu",
        "email": "Sincere@april.biz",
        "address": {
            "street": "Kulas Light",
            "suite": "Apt. 556",
            "city": "Gwenborough",
            "zipcode": "92998-3874",
            "geo": {
                "lat": "-37.3159",
                "lng": "81.1496"
            }
        },
        "phone": "1-770-736-8031 x56442",
        "website": "hildegard.org",
        "company": {
            "name": "tminkkcg",
            "catchPhrase": "Multi-layered client-server neural-net",
            "bs": "harness real-time e-markets"
        }
    }
]
HTTP/1.1 201 Created
Date: Tue, 11 Jul 2023 19:41:15 GMT
Content-Type: application/json; charset=utf-8
Content-Length: 573
Connection: keep-alive
X-Powered-By: Express
X-Ratelimit-Limit: 1000
X-Ratelimit-Remaining: 995
X-Ratelimit-Reset: 1689104516
Vary: Origin, X-HTTP-Method-Override, Accept-Encoding
Access-Control-Allow-Credentials: true
Cache-Control: no-cache
Pragma: no-cache
Expires: -1
Access-Control-Expose-Headers: Location
Location: http://jsonplaceholder.typicode.com/users/11
X-Content-Type-Options: nosniff
Etag: W/"23d-b5+YJJhscOcHN0X7aY97ctbWeD8"
Via: 1.1 vegur
CF-Cache-Status: DYNAMIC
Report-To: {"endpoints":[{"url":"https:\/\/a.nel.cloudflare.com\/report\/v3?s=R1nu53W%2BH3A1QNoqBGHvzbpodedLpwDd6PwYbyHCvwXsfF0%2BGc1aaHHNQCEYQXWIzm0gO2G9BRjOFm3H1AjTywz0V%2FxUBAJcCmFNlkUOgbMQvTkZKw2oCkZF%2BU0e891PWlELH%2B1QSP9TFyXWk%2Be4"}],"group":"cf-nel","max_age":604800}
NEL: {"success_fraction":0,"report_to":"cf-nel","max_age":604800}
Server: cloudflare
CF-RAY: 7e5385da3bd517f2-SJC
alt-svc: h3=":443"; ma=86400

{
    "0": {
        "id": 1,
        "name": "Leanne Graham",
        "username": "cihoiqnu",
        "email": "Sincere@april.biz",
        "address": {
            "street": "Kulas Light",
            "suite": "Apt. 556",
            "city": "Gwenborough",
            "zipcode": "92998-3874",
            "geo": {
                "lat": "-37.3159",
                "lng": "81.1496"
            }
        },
        "phone": "1-770-736-8031 x56442",
        "website": "hildegard.org",
        "company": {
            "name": "tminkkcg",
            "catchPhrase": "Multi-layered client-server neural-net",
            "bs": "harness real-time e-markets"
        }
    },
    "id": 11
}

2023-07-11 12:41:16 APIMethodPoller [TestNG-test=User API tests-1-28] [INFO] Request method:	POST
Request URI:	https://jsonplaceholder.typicode.com/users
Request params:	<none>
Query params:	<none>
Form params:	<none>
Path params:	<none>
Multiparts:		<none>
Cookies:		<none>
Headers:		Accept=*/*
				Content-Type=application/json; charset=UTF-8
Body:
[
    {
        "id": 1,
        "name": "Leanne Graham",
        "username": "cihoiqnu",
        "email": "Sincere@april.biz",
        "address": {
            "street": "Kulas Light",
            "suite": "Apt. 556",
            "city": "Gwenborough",
            "zipcode": "92998-3874",
            "geo": {
                "lat": "-37.3159",
                "lng": "81.1496"
            }
        },
        "phone": "1-770-736-8031 x56442",
        "website": "hildegard.org",
        "company": {
            "name": "tminkkcg",
            "catchPhrase": "Multi-layered client-server neural-net",
            "bs": "harness real-time e-markets"
        }
    }
]
HTTP/1.1 201 Created
Date: Tue, 11 Jul 2023 19:41:16 GMT
Content-Type: application/json; charset=utf-8
Content-Length: 573
Connection: keep-alive
X-Powered-By: Express
X-Ratelimit-Limit: 1000
X-Ratelimit-Remaining: 994
X-Ratelimit-Reset: 1689104516
Vary: Origin, X-HTTP-Method-Override, Accept-Encoding
Access-Control-Allow-Credentials: true
Cache-Control: no-cache
Pragma: no-cache
Expires: -1
Access-Control-Expose-Headers: Location
Location: http://jsonplaceholder.typicode.com/users/11
X-Content-Type-Options: nosniff
Etag: W/"23d-b5+YJJhscOcHN0X7aY97ctbWeD8"
Via: 1.1 vegur
CF-Cache-Status: DYNAMIC
Report-To: {"endpoints":[{"url":"https:\/\/a.nel.cloudflare.com\/report\/v3?s=kPTJdnpPhDfUN1q%2BWh7p6kgDj%2F6Nr4TtbhYG6lx%2FyvaWFmhadkcfvTEsjLKvlSMTpr5pD0Qe3GOQPs6wTq4mG8obTVwEk6ZvN8h79bRWGfdRV3A7jP5Dja1Rab1Oy386xUaNiovaLacKzL4Qqz3c"}],"group":"cf-nel","max_age":604800}
NEL: {"success_fraction":0,"report_to":"cf-nel","max_age":604800}
Server: cloudflare
CF-RAY: 7e5385e28cedfada-SJC
alt-svc: h3=":443"; ma=86400

{
    "0": {
        "id": 1,
        "name": "Leanne Graham",
        "username": "cihoiqnu",
        "email": "Sincere@april.biz",
        "address": {
            "street": "Kulas Light",
            "suite": "Apt. 556",
            "city": "Gwenborough",
            "zipcode": "92998-3874",
            "geo": {
                "lat": "-37.3159",
                "lng": "81.1496"
            }
        },
        "phone": "1-770-736-8031 x56442",
        "website": "hildegard.org",
        "company": {
            "name": "tminkkcg",
            "catchPhrase": "Multi-layered client-server neural-net",
            "bs": "harness real-time e-markets"
        }
    },
    "id": 11
}

2023-07-11 12:41:16 Messager [TestNG-test=User API tests-1-28] [INFO] TEST [User API tests - testCreateUser] PASSED at [12:41:16 2023-07-11]
]]></system-out>
  </testcase>
</testsuite>