<?xml version="1.0" encoding="UTF-8"?>
<!-- Generated by org.testng.reporters.JUnitReportReporter -->
<testsuite hostname="DJs-MacBook-Pro.local" failures="0" tests="4" name="com.solvd.carina.demo.APISampleTest" time="11.119" errors="0" timestamp="2023-07-11T12:41:16 PDT" skipped="0">
  <testcase classname="com.solvd.carina.demo.APISampleTest" name="testCreateUserMissingSomeFields" time="1.732"/>
  <system-out/>
  <testcase classname="com.solvd.carina.demo.APISampleTest" name="testDeleteUsers" time="1.756"/>
  <system-out/>
  <testcase classname="com.solvd.carina.demo.APISampleTest" name="testGetUsers" time="1.867"/>
  <system-out/>
  <testcase classname="com.solvd.carina.demo.APISampleTest" name="testCreateUser" time="5.764"/>
  <system-out/>
</testsuite> <!-- com.solvd.carina.demo.APISampleTest -->
