<?xml version="1.0" encoding="UTF-8"?>
<!-- Generated by org.testng.reporters.JUnitReportReporter -->
<testsuite hostname="DJs-MacBook-Pro.local" failures="0" tests="1" name="com.solvd.carina.demo.HelloWorld" time="0.035" errors="0" timestamp="2023-07-24T10:51:57 PDT" skipped="0">
  <testcase classname="com.solvd.carina.demo.HelloWorld" name="helloWorld" time="0.035"/>
  <system-out/>
</testsuite> <!-- com.solvd.carina.demo.HelloWorld -->
